#
# There is insufficient memory for the Java Runtime Environment to continue.
# Native memory allocation (mmap) failed to map 132120576 bytes for Failed to commit area from 0x0000000082200000 to 0x000000008a000000 of length 132120576.
# Possible reasons:
#   The system is out of physical RAM or swap space
#   The process is running with CompressedOops enabled, and the Java Heap may be blocking the growth of the native heap
# Possible solutions:
#   Reduce memory load on the system
#   Increase physical memory or swap space
#   Check if swap backing store is full
#   Decrease Java heap size (-Xmx/-Xms)
#   Decrease number of Java threads
#   Decrease Java thread stack sizes (-Xss)
#   Set larger code cache with -XX:ReservedCodeCacheSize=
# This output file may be truncated or incomplete.
#
#  Out of Memory Error (t:/workspace/open/src/hotspot/os/windows/os_windows.cpp:3264), pid=17524, tid=19032
#
# JRE version:  (12.0.2+10) (build )
# Java VM: Java HotSpot(TM) 64-Bit Server VM (12.0.2+10, mixed mode, aot, sharing, tiered, compressed oops, g1 gc, windows-amd64)
# No core dump will be written. Minidumps are not enabled by default on client versions of Windows
#

---------------  S U M M A R Y ------------

Command Line: -Dfile.encoding=Cp1252 lockpackage.DriverApp

Host: Intel(R) Core(TM) i5-8300H CPU @ 2.30GHz, 8 cores, 7G,  Windows 10 , 64 bit Build 19041 (10.0.19041.1566)
Time: Sat Mar 19 04:42:00 2022 India Standard Time elapsed time: 0 seconds (0d 0h 0m 0s)

---------------  T H R E A D  ---------------

Current thread (0x0000017c83520000):  JavaThread "Unknown thread" [_thread_in_vm, id=19032, stack(0x000000272b800000,0x000000272b900000)]

Stack: [0x000000272b800000,0x000000272b900000]
Native frames: (J=compiled Java code, j=interpreted, Vv=VM code, C=native code)
V  [jvm.dll+0x63aa2a]
V  [jvm.dll+0x78ce1e]
V  [jvm.dll+0x78e4c1]
V  [jvm.dll+0x78eb13]
V  [jvm.dll+0x2627e8]
V  [jvm.dll+0x637f5a]
V  [jvm.dll+0x62c845]
V  [jvm.dll+0x31e49c]
V  [jvm.dll+0x31e2cf]
V  [jvm.dll+0x324006]
V  [jvm.dll+0x371f56]
V  [jvm.dll+0x371720]
V  [jvm.dll+0x2f845a]
V  [jvm.dll+0x2f96d2]
V  [jvm.dll+0x767267]
V  [jvm.dll+0x7689f5]
V  [jvm.dll+0x380059]
V  [jvm.dll+0x74b794]
V  [jvm.dll+0x3ef5cd]
V  [jvm.dll+0x3f1471]
C  [jli.dll+0x51cf]
C  [ucrtbase.dll+0x21bb2]
C  [KERNEL32.DLL+0x17034]
C  [ntdll.dll+0x52651]


---------------  P R O C E S S  ---------------

Threads class SMR info:
_java_thread_list=0x00007ffecbbf7928, length=0, elements={
}

Java Threads: ( => current thread )

Other Threads:
  0x0000017c8355c000 GCTaskThread "GC Thread#0" [stack: 0x000000272b900000,0x000000272ba00000] [id=9348]
  0x0000017c8356c000 ConcurrentGCThread "G1 Main Marker" [stack: 0x000000272ba00000,0x000000272bb00000] [id=21424]
  0x0000017c8356e000 ConcurrentGCThread "G1 Conc#0" [stack: 0x000000272bb00000,0x000000272bc00000] [id=21220]

[error occurred during error reporting (printing all threads), id 0xc0000005, EXCEPTION_ACCESS_VIOLATION (0xc0000005) at pc=0x00007ffecb4285e7]

VM state:not at safepoint (not fully initialized)

VM Mutex/Monitor currently owned by a thread:  ([mutex/lock_event])
[0x0000017c8351c680] Heap_lock - owner thread: 0x0000017c83520000

Heap address: 0x0000000082200000, size: 2014 MB, Compressed Oops mode: Non-zero based: 0x0000000082200000
Narrow klass base: 0x0000000000000000, Narrow klass shift: 0

GC Heap History (0 events):
No events

Deoptimization events (0 events):
No events

Classes redefined (0 events):
No events

Internal exceptions (0 events):
No events

Events (0 events):
No events


Dynamic libraries:
0x00007ff617020000 - 0x00007ff61702f000 	C:\Program Files\Java\jdk-12.0.2\bin\javaw.exe
0x00007fff3daf0000 - 0x00007fff3dce5000 	C:\WINDOWS\SYSTEM32\ntdll.dll
0x00007fff3c470000 - 0x00007fff3c52e000 	C:\WINDOWS\System32\KERNEL32.DLL
0x00007fff3b210000 - 0x00007fff3b4d8000 	C:\WINDOWS\System32\KERNELBASE.dll
0x00007fff3b4e0000 - 0x00007fff3b5e0000 	C:\WINDOWS\System32\ucrtbase.dll
0x00007fff2d8a0000 - 0x00007fff2d8b6000 	C:\Program Files\Java\jdk-12.0.2\bin\VCRUNTIME140.dll
0x00007fff2d880000 - 0x00007fff2d898000 	C:\Program Files\Java\jdk-12.0.2\bin\jli.dll
0x00007fff3d7b0000 - 0x00007fff3d85e000 	C:\WINDOWS\System32\ADVAPI32.dll
0x00007fff3c090000 - 0x00007fff3c12e000 	C:\WINDOWS\System32\msvcrt.dll
0x00007fff3da10000 - 0x00007fff3daac000 	C:\WINDOWS\System32\sechost.dll
0x00007fff3d860000 - 0x00007fff3d985000 	C:\WINDOWS\System32\RPCRT4.dll
0x00007fff3cfe0000 - 0x00007fff3d180000 	C:\WINDOWS\System32\USER32.dll
0x00007fff3b5e0000 - 0x00007fff3b602000 	C:\WINDOWS\System32\win32u.dll
0x00007fff3ce60000 - 0x00007fff3ce8b000 	C:\WINDOWS\System32\GDI32.dll
0x00007fff3b6a0000 - 0x00007fff3b7ab000 	C:\WINDOWS\System32\gdi32full.dll
0x00007fff3b890000 - 0x00007fff3b92d000 	C:\WINDOWS\System32\msvcp_win.dll
0x00007fff23080000 - 0x00007fff2331a000 	C:\WINDOWS\WinSxS\amd64_microsoft.windows.common-controls_6595b64144ccf1df_6.0.19041.1110_none_60b5254171f9507e\COMCTL32.dll
0x00007fff34a00000 - 0x00007fff34a0a000 	C:\WINDOWS\SYSTEM32\VERSION.dll
0x00007fff3bb50000 - 0x00007fff3bb80000 	C:\WINDOWS\System32\IMM32.DLL
0x00007ffefa470000 - 0x00007ffefa51a000 	C:\Program Files\Java\jdk-12.0.2\bin\msvcp140.dll
0x00007ffecb120000 - 0x00007ffecbc97000 	C:\Program Files\Java\jdk-12.0.2\bin\server\jvm.dll
0x00007fff3cda0000 - 0x00007fff3cda8000 	C:\WINDOWS\System32\PSAPI.DLL
0x00007fff2a7e0000 - 0x00007fff2a807000 	C:\WINDOWS\SYSTEM32\WINMM.dll
0x00007fff269c0000 - 0x00007fff269c9000 	C:\WINDOWS\SYSTEM32\WSOCK32.dll
0x00007fff3d740000 - 0x00007fff3d7ab000 	C:\WINDOWS\System32\WS2_32.dll
0x00007fff39ac0000 - 0x00007fff39ad2000 	C:\WINDOWS\SYSTEM32\kernel.appcore.dll
0x00007fff335a0000 - 0x00007fff335b1000 	C:\Program Files\Java\jdk-12.0.2\bin\verify.dll
0x00007fff397a0000 - 0x00007fff39984000 	C:\WINDOWS\SYSTEM32\DBGHELP.DLL
0x00007fff29680000 - 0x00007fff296ac000 	C:\WINDOWS\SYSTEM32\dbgcore.DLL
0x00007fff3b610000 - 0x00007fff3b692000 	C:\WINDOWS\System32\bcryptPrimitives.dll
0x00007fff276f0000 - 0x00007fff27716000 	C:\Program Files\Java\jdk-12.0.2\bin\java.dll
0x00007fff33430000 - 0x00007fff33447000 	C:\Program Files\Java\jdk-12.0.2\bin\zip.dll
0x00007fff367c0000 - 0x00007fff367ca000 	C:\Program Files\Java\jdk-12.0.2\bin\jimage.dll

dbghelp: loaded successfully - version: 4.0.5 - missing functions: none
symbol engine: initialized successfully - sym options: 0x614 - pdb path: .;C:\Program Files\Java\jdk-12.0.2\bin;C:\WINDOWS\SYSTEM32;C:\WINDOWS\WinSxS\amd64_microsoft.windows.common-controls_6595b64144ccf1df_6.0.19041.1110_none_60b5254171f9507e;C:\Program Files\Java\jdk-12.0.2\bin\server

VM Arguments:
jvm_args: -Dfile.encoding=Cp1252 
java_command: lockpackage.DriverApp
java_class_path (initial): D:\Locker Project\bin
Launcher Type: SUN_STANDARD

[Global flags]
     intx CICompilerCount                          = 4                                         {product} {ergonomic}
     uint ConcGCThreads                            = 2                                         {product} {ergonomic}
     uint G1ConcRefinementThreads                  = 8                                         {product} {ergonomic}
   size_t G1HeapRegionSize                         = 1048576                                   {product} {ergonomic}
    uintx GCDrainStackTargetSize                   = 64                                        {product} {ergonomic}
   size_t InitialHeapSize                          = 132120576                                 {product} {ergonomic}
   size_t MarkStackSize                            = 4194304                                   {product} {ergonomic}
   size_t MaxHeapSize                              = 2111832064                                {product} {ergonomic}
   size_t MinHeapDeltaBytes                        = 1048576                                   {product} {ergonomic}
    uintx NonNMethodCodeHeapSize                   = 5836300                                {pd product} {ergonomic}
    uintx NonProfiledCodeHeapSize                  = 122910970                              {pd product} {ergonomic}
    uintx ProfiledCodeHeapSize                     = 122910970                              {pd product} {ergonomic}
    uintx ReservedCodeCacheSize                    = 251658240                              {pd product} {ergonomic}
     bool SegmentedCodeCache                       = true                                      {product} {ergonomic}
     bool UseCompressedClassPointers               = true                                 {lp64_product} {ergonomic}
     bool UseCompressedOops                        = true                                 {lp64_product} {ergonomic}
     bool UseG1GC                                  = true                                      {product} {ergonomic}
     bool UseLargePagesIndividualAllocation        = false                                  {pd product} {ergonomic}

Logging:
Log output configuration:
 #0: stdout all=warning uptime,level,tags
 #1: stderr all=off uptime,level,tags

Environment Variables:
PATH=C:/Program Files/Java/jdk-12.0.2/bin/server;C:/Program Files/Java/jdk-12.0.2/bin;C:\Python3\Scripts\;C:\Python3\;C:\Program Files (x86)\Intel\Intel(R) Management Engine Components\iCLS\;C:\Program Files\Intel\Intel(R) Management Engine Components\iCLS\;C:\Windows\system32;C:\Windows;C:\Windows\System32\Wbem;C:\Windows\System32\WindowsPowerShell\v1.0\;C:\Windows\System32\OpenSSH\;C:\Program Files (x86)\NVIDIA Corporation\PhysX\Common;C:\Program Files (x86)\Intel\Intel(R) Management Engine Components\DAL;C:\Program Files\Intel\Intel(R) Management Engine Components\DAL;C:\Program Files (x86)\Intel\Intel(R) Management Engine Components\IPT;C:\Program Files\Intel\Intel(R) Management Engine Components\IPT;C:\WINDOWS\system32;C:\WINDOWS;C:\WINDOWS\System32\Wbem;C:\WINDOWS\System32\WindowsPowerShell\v1.0\;C:\WINDOWS\System32\OpenSSH\;C:\Program Files\NVIDIA Corporation\NVIDIA NvDLISR;C:\Python3;C:\Program Files\Intel\WiFi\bin\;C:\Program Files\Common Files\Intel\WirelessCommon\;C:\Program Files\Java\jdk-12.0.2\bin;C:\Program Files\Git\cmd;C:\Program Files\nodejs\;C:\Program Files\MySQL\MySQL Shell 8.0\bin\;C:\Users\Trivikram Sharma\AppData\Local\Microsoft\WindowsApps;C:\;C:\msys64\usr\bin;C:\Python3;C:\Python27;E:\Microsoft VS Code\bin;C:\Users\Trivikram Sharma\AppData\Local\GitHubDesktop\bin;C:\Users\Trivikram Sharma\AppData\Local\Microsoft\WindowsApps;C:\Program Files\IBM\Cloud\bin;C:\Users\Trivikram Sharma\AppData\Roaming\npm;D:\eclipse-jee-2020-03-R-incubation-win32-x86_64\eclipse;
USERNAME=Trivikram Sharma
OS=Windows_NT
PROCESSOR_IDENTIFIER=Intel64 Family 6 Model 158 Stepping 10, GenuineIntel



---------------  S Y S T E M  ---------------

OS: Windows 10 , 64 bit Build 19041 (10.0.19041.1566)

CPU:total 8 (initial active 8) (4 cores per cpu, 2 threads per core) family 6 model 158 stepping 10, cmov, cx8, fxsr, mmx, sse, sse2, sse3, ssse3, sse4.1, sse4.2, popcnt, avx, avx2, aes, clmul, erms, 3dnowpref, lzcnt, ht, tsc, tscinvbit, bmi1, bmi2, adx, fma

Memory: 4k page, system-wide physical 8052M (805M free)
TotalPageFile size 21493M (AvailPageFile size 82M)
current process WorkingSet (physical memory assigned to process): 10M, peak: 10M
current process commit charge ("private bytes"): 60M, peak: 186M

vm_info: Java HotSpot(TM) 64-Bit Server VM (12.0.2+10) for windows-amd64 JRE (12.0.2+10), built on Jul 16 2019 01:56:17 by "mach5one" with MS VC++ 15.5 (VS2017)

END.
